Build started 2/10/2013 7:23:54 PM.
     1>Project "D:\qp\qpcpp\ports\win32\vc\qp.vcxproj" on node 2 (build target(s)).
     1>InitializeBuildStatus:
         Creating "Spy\qp.unsuccessfulbuild" because "AlwaysCreate" was specified.
       ClCompile:
         C:\Program Files (x86)\Microsoft Visual Studio 10.0\VC\bin\CL.exe /c /I. /I../../../include /I../../../qep/source /I../../../qf/source /I../../../qs/source /Zi /nologo /W4 /WX- /Od /Oy- /D WIN32 /D _DEBUG /D Q_SPY /Gm- /MT /GS /fp:precise /Zc:wchar_t /Zc:forScope /Fo"Spy\\" /Fd"Spy\vc100.pdb" /Gd /TP /wd4127 /analyze- /errorReport:prompt ..\..\..\qep\source\qep.cpp ..\..\..\qep\source\qfsm_dis.cpp ..\..\..\qep\source\qfsm_ini.cpp ..\..\..\qep\source\qhsm_dis.cpp ..\..\..\qep\source\qhsm_in.cpp ..\..\..\qep\source\qhsm_ini.cpp ..\..\..\qep\source\qhsm_top.cpp ..\..\..\qf\source\qa_defer.cpp ..\..\..\qf\source\qa_fifo.cpp ..\..\..\qf\source\qa_get_.cpp ..\..\..\qf\source\qa_lifo.cpp ..\..\..\qf\source\qa_sub.cpp ..\..\..\qf\source\qa_usub.cpp ..\..\..\qf\source\qa_usuba.cpp ..\..\..\qf\source\qeq_fifo.cpp ..\..\..\qf\source\qeq_get.cpp ..\..\..\qf\source\qeq_init.cpp ..\..\..\qf\source\qeq_lifo.cpp ..\..\..\qf\source\qf_act.cpp ..\..\..\qf\source\qf_gc.cpp ..\..\..\qf\source\qf_log2.cpp ..\..\..\qf\source\qf_new.cpp ..\..\..\qf\source\qf_pool.cpp ..\..\..\qf\source\qf_psini.cpp ..\..\..\qf\source\qf_pspub.cpp ..\..\..\qf\source\qf_pwr2.cpp ..\..\..\qf\source\qf_tick.cpp ..\..\..\qf\source\qmp_get.cpp ..\..\..\qf\source\qmp_init.cpp ..\..\..\qf\source\qmp_put.cpp ..\..\..\qf\source\qte_arm.cpp ..\..\..\qf\source\qte_ctor.cpp ..\..\..\qf\source\qte_ctr.cpp ..\..\..\qf\source\qte_darm.cpp ..\..\..\qf\source\qte_rarm.cpp ..\..\..\qs\source\qs.cpp ..\..\..\qs\source\qs_.cpp ..\..\..\qs\source\qs_blk.cpp ..\..\..\qs\source\qs_byte.cpp ..\..\..\qs\source\qs_f32.cpp ..\..\..\qs\source\qs_f64.cpp ..\..\..\qs\source\qs_mem.cpp ..\..\..\qs\source\qs_str.cpp ..\..\..\qs\source\qs_u64.cpp qf_port.cpp win32_gui.cpp
         qep.cpp
         qfsm_dis.cpp
         qfsm_ini.cpp
         qhsm_dis.cpp
         qhsm_in.cpp
         qhsm_ini.cpp
         qhsm_top.cpp
         qa_defer.cpp
         qa_fifo.cpp
         qa_get_.cpp
         qa_lifo.cpp
         qa_sub.cpp
         qa_usub.cpp
         qa_usuba.cpp
         qeq_fifo.cpp
         qeq_get.cpp
         qeq_init.cpp
         qeq_lifo.cpp
         qf_act.cpp
         qf_gc.cpp
         Generating Code...
         Compiling...
         qf_log2.cpp
         qf_new.cpp
         qf_pool.cpp
         qf_psini.cpp
         qf_pspub.cpp
         qf_pwr2.cpp
         qf_tick.cpp
         qmp_get.cpp
         qmp_init.cpp
         qmp_put.cpp
         qte_arm.cpp
         qte_ctor.cpp
         qte_ctr.cpp
         qte_darm.cpp
         qte_rarm.cpp
         qs.cpp
         qs_.cpp
         qs_blk.cpp
         qs_byte.cpp
         qs_f32.cpp
         Generating Code...
         Compiling...
         qs_f64.cpp
         qs_mem.cpp
         qs_str.cpp
         qs_u64.cpp
         qf_port.cpp
         win32_gui.cpp
         Generating Code...
       Lib:
         C:\Program Files (x86)\Microsoft Visual Studio 10.0\VC\bin\Lib.exe /OUT:"D:\qp\qpcpp\ports\win32\vc\Spy\qp.lib" /NOLOGO Spy\qep.obj
         Spy\qfsm_dis.obj
         Spy\qfsm_ini.obj
         Spy\qhsm_dis.obj
         Spy\qhsm_in.obj
         Spy\qhsm_ini.obj
         Spy\qhsm_top.obj
         Spy\qa_defer.obj
         Spy\qa_fifo.obj
         Spy\qa_get_.obj
         Spy\qa_lifo.obj
         Spy\qa_sub.obj
         Spy\qa_usub.obj
         Spy\qa_usuba.obj
         Spy\qeq_fifo.obj
         Spy\qeq_get.obj
         Spy\qeq_init.obj
         Spy\qeq_lifo.obj
         Spy\qf_act.obj
         Spy\qf_gc.obj
         Spy\qf_log2.obj
         Spy\qf_new.obj
         Spy\qf_pool.obj
         Spy\qf_psini.obj
         Spy\qf_pspub.obj
         Spy\qf_pwr2.obj
         Spy\qf_tick.obj
         Spy\qmp_get.obj
         Spy\qmp_init.obj
         Spy\qmp_put.obj
         Spy\qte_arm.obj
         Spy\qte_ctor.obj
         Spy\qte_ctr.obj
         Spy\qte_darm.obj
         Spy\qte_rarm.obj
         Spy\qs.obj
         Spy\qs_.obj
         Spy\qs_blk.obj
         Spy\qs_byte.obj
         Spy\qs_f32.obj
         Spy\qs_f64.obj
         Spy\qs_mem.obj
         Spy\qs_str.obj
         Spy\qs_u64.obj
         Spy\qf_port.obj
         Spy\win32_gui.obj
         qp.vcxproj -> D:\qp\qpcpp\ports\win32\vc\Spy\qp.lib
       PostBuildEvent:
         Description: Cleanup
         del Spy\*.obj Spy\*.tlog Spy\*.lastbuildstate
         :VCEnd
       FinalizeBuildStatus:
         Deleting file "Spy\qp.unsuccessfulbuild".
     1>Done Building Project "D:\qp\qpcpp\ports\win32\vc\qp.vcxproj" (build target(s)).

Build succeeded.

Time Elapsed 00:00:06.72
