Build started 2/10/2013 7:24:05 PM.
     1>Project "D:\qp\qpcpp\ports\win32\vc\qp.vcxproj" on node 2 (build target(s)).
     1>InitializeBuildStatus:
         Creating "Release\qp.unsuccessfulbuild" because "AlwaysCreate" was specified.
       ClCompile:
         C:\Program Files (x86)\Microsoft Visual Studio 10.0\VC\bin\CL.exe /c /I. /I../../../include /I../../../qep/source /I../../../qf/source /I../../../qs/source /nologo /W4 /WX- /Ox /Oy- /D WIN32 /D NDEBUG /Gm- /MT /GS /fp:precise /Zc:wchar_t /Zc:forScope /Fo"Release\\" /Fd"Release\vc100.pdb" /Gd /TP /wd4127 /analyze- /errorReport:prompt ..\..\..\qep\source\qep.cpp ..\..\..\qep\source\qfsm_dis.cpp ..\..\..\qep\source\qfsm_ini.cpp ..\..\..\qep\source\qhsm_dis.cpp ..\..\..\qep\source\qhsm_in.cpp ..\..\..\qep\source\qhsm_ini.cpp ..\..\..\qep\source\qhsm_top.cpp ..\..\..\qf\source\qa_defer.cpp ..\..\..\qf\source\qa_fifo.cpp ..\..\..\qf\source\qa_get_.cpp ..\..\..\qf\source\qa_lifo.cpp ..\..\..\qf\source\qa_sub.cpp ..\..\..\qf\source\qa_usub.cpp ..\..\..\qf\source\qa_usuba.cpp ..\..\..\qf\source\qeq_fifo.cpp ..\..\..\qf\source\qeq_get.cpp ..\..\..\qf\source\qeq_init.cpp ..\..\..\qf\source\qeq_lifo.cpp ..\..\..\qf\source\qf_act.cpp ..\..\..\qf\source\qf_gc.cpp ..\..\..\qf\source\qf_log2.cpp ..\..\..\qf\source\qf_new.cpp ..\..\..\qf\source\qf_pool.cpp ..\..\..\qf\source\qf_psini.cpp ..\..\..\qf\source\qf_pspub.cpp ..\..\..\qf\source\qf_pwr2.cpp ..\..\..\qf\source\qf_tick.cpp ..\..\..\qf\source\qmp_get.cpp ..\..\..\qf\source\qmp_init.cpp ..\..\..\qf\source\qmp_put.cpp ..\..\..\qf\source\qte_arm.cpp ..\..\..\qf\source\qte_ctor.cpp ..\..\..\qf\source\qte_ctr.cpp ..\..\..\qf\source\qte_darm.cpp ..\..\..\qf\source\qte_rarm.cpp qf_port.cpp win32_gui.cpp
         qep.cpp
         qfsm_dis.cpp
         qfsm_ini.cpp
         qhsm_dis.cpp
         qhsm_in.cpp
         qhsm_ini.cpp
         qhsm_top.cpp
         qa_defer.cpp
         qa_fifo.cpp
         qa_get_.cpp
         qa_lifo.cpp
         qa_sub.cpp
         qa_usub.cpp
         qa_usuba.cpp
         qeq_fifo.cpp
         qeq_get.cpp
         qeq_init.cpp
         qeq_lifo.cpp
         qf_act.cpp
         qf_gc.cpp
         Generating Code...
         Compiling...
         qf_log2.cpp
         qf_new.cpp
         qf_pool.cpp
         qf_psini.cpp
         qf_pspub.cpp
         qf_pwr2.cpp
         qf_tick.cpp
         qmp_get.cpp
         qmp_init.cpp
         qmp_put.cpp
         qte_arm.cpp
         qte_ctor.cpp
         qte_ctr.cpp
         qte_darm.cpp
         qte_rarm.cpp
         qf_port.cpp
         win32_gui.cpp
         Generating Code...
       Lib:
         C:\Program Files (x86)\Microsoft Visual Studio 10.0\VC\bin\Lib.exe /OUT:"D:\qp\qpcpp\ports\win32\vc\Release\qp.lib" /NOLOGO /LTCG Release\qep.obj
         Release\qfsm_dis.obj
         Release\qfsm_ini.obj
         Release\qhsm_dis.obj
         Release\qhsm_in.obj
         Release\qhsm_ini.obj
         Release\qhsm_top.obj
         Release\qa_defer.obj
         Release\qa_fifo.obj
         Release\qa_get_.obj
         Release\qa_lifo.obj
         Release\qa_sub.obj
         Release\qa_usub.obj
         Release\qa_usuba.obj
         Release\qeq_fifo.obj
         Release\qeq_get.obj
         Release\qeq_init.obj
         Release\qeq_lifo.obj
         Release\qf_act.obj
         Release\qf_gc.obj
         Release\qf_log2.obj
         Release\qf_new.obj
         Release\qf_pool.obj
         Release\qf_psini.obj
         Release\qf_pspub.obj
         Release\qf_pwr2.obj
         Release\qf_tick.obj
         Release\qmp_get.obj
         Release\qmp_init.obj
         Release\qmp_put.obj
         Release\qte_arm.obj
         Release\qte_ctor.obj
         Release\qte_ctr.obj
         Release\qte_darm.obj
         Release\qte_rarm.obj
         Release\qf_port.obj
         Release\win32_gui.obj
         qp.vcxproj -> D:\qp\qpcpp\ports\win32\vc\Release\qp.lib
       PostBuildEvent:
         Description: Cleanup
         del Release\*.obj Release\*.tlog Release\*.lastbuildstate
         :VCEnd
       FinalizeBuildStatus:
         Deleting file "Release\qp.unsuccessfulbuild".
     1>Done Building Project "D:\qp\qpcpp\ports\win32\vc\qp.vcxproj" (build target(s)).

Build succeeded.

Time Elapsed 00:00:05.80
